# JRE version: OpenJDK Runtime Environment (8.0_292-b10) (build 1.8.0_292-b10)
# Java VM: OpenJDK 64-Bit Server VM (25.292-b10 mixed mode bsd-amd64 compressed oops)
Heap:
 PSYoungGen      total 26624K, used 23551K [0x00000007bdf00000, 0x00000007c0000000, 0x00000007c0000000)
  eden space 23552K, 99% used [0x00000007bdf00000,0x00000007bf5ffff0,0x00000007bf600000)
  from space 3072K, 0% used [0x00000007bfc80000,0x00000007bfc80000,0x00000007bff80000)
  to   space 5120K, 0% used [0x00000007bf600000,0x00000007bf600000,0x00000007bfb00000)
 ParOldGen       total 68608K, used 68607K [0x00000007b9c00000, 0x00000007bdf00000, 0x00000007bdf00000)
  object space 68608K, 99% used [0x00000007b9c00000,0x00000007bdeffff0,0x00000007bdf00000)
 Metaspace       used 95497K, capacity 99824K, committed 100372K, reserved 1136640K
  class space    used 11531K, capacity 12182K, committed 12308K, reserved 1048576K
GC Heap History (10 events):
Event: 1834.049 GC heap before
{Heap before GC invocations=1079 (full 696):
 PSYoungGen      total 26624K, used 23551K [0x00000007bdf00000, 0x00000007c0000000, 0x00000007c0000000)
  eden space 23552K, 99% used [0x00000007bdf00000,0x00000007bf5ffff0,0x00000007bf600000)
  from space 3072K, 0% used [0x00000007bfc80000,0x00000007bfc80000,0x00000007bff80000)
  to   space 5120K, 0% used [0x00000007bf600000,0x00000007bf600000,0x00000007bfb00000)
 ParOldGen       total 68608K, used 68607K [0x00000007b9c00000, 0x00000007bdf00000, 0x00000007bdf00000)
  object space 68608K, 99% used [0x00000007b9c00000,0x00000007bdefff80,0x00000007bdf00000)
 Metaspace       used 95497K, capacity 99824K, committed 100372K, reserved 1136640K
  class space    used 11531K, capacity 12182K, committed 12308K, reserved 1048576K
Event: 1834.144 GC heap after
Heap after GC invocations=1079 (full 696):
 PSYoungGen      total 26624K, used 23551K [0x00000007bdf00000, 0x00000007c0000000, 0x00000007c0000000)
  eden space 23552K, 99% used [0x00000007bdf00000,0x00000007bf5ffff0,0x00000007bf600000)
  from space 3072K, 0% used [0x00000007bfc80000,0x00000007bfc80000,0x00000007bff80000)
  to   space 5120K, 0% used [0x00000007bf600000,0x00000007bf600000,0x00000007bfb00000)
 ParOldGen       total 68608K, used 68607K [0x00000007b9c00000, 0x00000007bdf00000, 0x00000007bdf00000)
  object space 68608K, 99% used [0x00000007b9c00000,0x00000007bdefff80,0x00000007bdf00000)
 Metaspace       used 95497K, capacity 99824K, committed 100372K, reserved 1136640K
  class space    used 11531K, capacity 12182K, committed 12308K, reserved 1048576K
}
Event: 1834.145 GC heap before
{Heap before GC invocations=1080 (full 697):
 PSYoungGen      total 26624K, used 23551K [0x00000007bdf00000, 0x00000007c0000000, 0x00000007c0000000)
  eden space 23552K, 99% used [0x00000007bdf00000,0x00000007bf5ffff0,0x00000007bf600000)
  from space 3072K, 0% used [0x00000007bfc80000,0x00000007bfc80000,0x00000007bff80000)
  to   space 5120K, 0% used [0x00000007bf600000,0x00000007bf600000,0x00000007bfb00000)
 ParOldGen       total 68608K, used 68607K [0x00000007b9c00000, 0x00000007bdf00000, 0x00000007bdf00000)
  object space 68608K, 99% used [0x00000007b9c00000,0x00000007bdefff80,0x00000007bdf00000)
 Metaspace       used 95497K, capacity 99824K, committed 100372K, reserved 1136640K
  class space    used 11531K, capacity 12182K, committed 12308K, reserved 1048576K
Event: 1834.242 GC heap after
Heap after GC invocations=1080 (full 697):
 PSYoungGen      total 26624K, used 23551K [0x00000007bdf00000, 0x00000007c0000000, 0x00000007c0000000)
  eden space 23552K, 99% used [0x00000007bdf00000,0x00000007bf5ffff0,0x00000007bf600000)
  from space 3072K, 0% used [0x00000007bfc80000,0x00000007bfc80000,0x00000007bff80000)
  to   space 5120K, 0% used [0x00000007bf600000,0x00000007bf600000,0x00000007bfb00000)
 ParOldGen       total 68608K, used 68607K [0x00000007b9c00000, 0x00000007bdf00000, 0x00000007bdf00000)
  object space 68608K, 99% used [0x00000007b9c00000,0x00000007bdefff80,0x00000007bdf00000)
 Metaspace       used 95497K, capacity 99824K, committed 100372K, reserved 1136640K
  class space    used 11531K, capacity 12182K, committed 12308K, reserved 1048576K
}
Event: 1834.242 GC heap before
{Heap before GC invocations=1081 (full 698):
 PSYoungGen      total 26624K, used 23551K [0x00000007bdf00000, 0x00000007c0000000, 0x00000007c0000000)
  eden space 23552K, 99% used [0x00000007bdf00000,0x00000007bf5ffff0,0x00000007bf600000)
  from space 3072K, 0% used [0x00000007bfc80000,0x00000007bfc80000,0x00000007bff80000)
  to   space 5120K, 0% used [0x00000007bf600000,0x00000007bf600000,0x00000007bfb00000)
 ParOldGen       total 68608K, used 68607K [0x00000007b9c00000, 0x00000007bdf00000, 0x00000007bdf00000)
  object space 68608K, 99% used [0x00000007b9c00000,0x00000007bdefff80,0x00000007bdf00000)
 Metaspace       used 95497K, capacity 99824K, committed 100372K, reserved 1136640K
  class space    used 11531K, capacity 12182K, committed 12308K, reserved 1048576K
Event: 1834.341 GC heap after
Heap after GC invocations=1081 (full 698):
 PSYoungGen      total 26624K, used 23551K [0x00000007bdf00000, 0x00000007c0000000, 0x00000007c0000000)
  eden space 23552K, 99% used [0x00000007bdf00000,0x00000007bf5ffff0,0x00000007bf600000)
  from space 3072K, 0% used [0x00000007bfc80000,0x00000007bfc80000,0x00000007bff80000)
  to   space 5120K, 0% used [0x00000007bf600000,0x00000007bf600000,0x00000007bfb00000)
 ParOldGen       total 68608K, used 68607K [0x00000007b9c00000, 0x00000007bdf00000, 0x00000007bdf00000)
  object space 68608K, 99% used [0x00000007b9c00000,0x00000007bdefff80,0x00000007bdf00000)
 Metaspace       used 95497K, capacity 99824K, committed 100372K, reserved 1136640K
  class space    used 11531K, capacity 12182K, committed 12308K, reserved 1048576K
}
Event: 1834.342 GC heap before
{Heap before GC invocations=1082 (full 699):
 PSYoungGen      total 26624K, used 23551K [0x00000007bdf00000, 0x00000007c0000000, 0x00000007c0000000)
  eden space 23552K, 99% used [0x00000007bdf00000,0x00000007bf5ffff0,0x00000007bf600000)
  from space 3072K, 0% used [0x00000007bfc80000,0x00000007bfc80000,0x00000007bff80000)
  to   space 5120K, 0% used [0x00000007bf600000,0x00000007bf600000,0x00000007bfb00000)
 ParOldGen       total 68608K, used 68607K [0x00000007b9c00000, 0x00000007bdf00000, 0x00000007bdf00000)
  object space 68608K, 99% used [0x00000007b9c00000,0x00000007bdeffff0,0x00000007bdf00000)
 Metaspace       used 95497K, capacity 99824K, committed 100372K, reserved 1136640K
  class space    used 11531K, capacity 12182K, committed 12308K, reserved 1048576K
Event: 1834.435 GC heap after
Heap after GC invocations=1082 (full 699):
 PSYoungGen      total 26624K, used 23551K [0x00000007bdf00000, 0x00000007c0000000, 0x00000007c0000000)
  eden space 23552K, 99% used [0x00000007bdf00000,0x00000007bf5ffff0,0x00000007bf600000)
  from space 3072K, 0% used [0x00000007bfc80000,0x00000007bfc80000,0x00000007bff80000)
  to   space 5120K, 0% used [0x00000007bf600000,0x00000007bf600000,0x00000007bfb00000)
 ParOldGen       total 68608K, used 68607K [0x00000007b9c00000, 0x00000007bdf00000, 0x00000007bdf00000)
  object space 68608K, 99% used [0x00000007b9c00000,0x00000007bdeffff0,0x00000007bdf00000)
 Metaspace       used 95497K, capacity 99824K, committed 100372K, reserved 1136640K
  class space    used 11531K, capacity 12182K, committed 12308K, reserved 1048576K
}
Event: 1834.435 GC heap before
{Heap before GC invocations=1083 (full 700):
 PSYoungGen      total 26624K, used 23551K [0x00000007bdf00000, 0x00000007c0000000, 0x00000007c0000000)
  eden space 23552K, 99% used [0x00000007bdf00000,0x00000007bf5ffff0,0x00000007bf600000)
  from space 3072K, 0% used [0x00000007bfc80000,0x00000007bfc80000,0x00000007bff80000)
  to   space 5120K, 0% used [0x00000007bf600000,0x00000007bf600000,0x00000007bfb00000)
 ParOldGen       total 68608K, used 68607K [0x00000007b9c00000, 0x00000007bdf00000, 0x00000007bdf00000)
  object space 68608K, 99% used [0x00000007b9c00000,0x00000007bdeffff0,0x00000007bdf00000)
 Metaspace       used 95497K, capacity 99824K, committed 100372K, reserved 1136640K
  class space    used 11531K, capacity 12182K, committed 12308K, reserved 1048576K
Event: 1834.527 GC heap after
Heap after GC invocations=1083 (full 700):
 PSYoungGen      total 26624K, used 23551K [0x00000007bdf00000, 0x00000007c0000000, 0x00000007c0000000)
  eden space 23552K, 99% used [0x00000007bdf00000,0x00000007bf5ffff0,0x00000007bf600000)
  from space 3072K, 0% used [0x00000007bfc80000,0x00000007bfc80000,0x00000007bff80000)
  to   space 5120K, 0% used [0x00000007bf600000,0x00000007bf600000,0x00000007bfb00000)
 ParOldGen       total 68608K, used 68607K [0x00000007b9c00000, 0x00000007bdf00000, 0x00000007bdf00000)
  object space 68608K, 99% used [0x00000007b9c00000,0x00000007bdeffff0,0x00000007bdf00000)
 Metaspace       used 95497K, capacity 99824K, committed 100372K, reserved 1136640K
  class space    used 11531K, capacity 12182K, committed 12308K, reserved 1048576K
}

