# JRE version: OpenJDK Runtime Environment (8.0_292-b10) (build 1.8.0_292-b10)
# Java VM: OpenJDK 64-Bit Server VM (25.292-b10 mixed mode bsd-amd64 compressed oops)
Heap:
 PSYoungGen      total 23040K, used 13516K [0x00000007bdf00000, 0x00000007c0000000, 0x00000007c0000000)
  eden space 12288K, 94% used [0x00000007bdf00000,0x00000007bea5fd30,0x00000007beb00000)
  from space 10752K, 17% used [0x00000007bf580000,0x00000007bf753468,0x00000007c0000000)
  to   space 10752K, 0% used [0x00000007beb00000,0x00000007beb00000,0x00000007bf580000)
 ParOldGen       total 68608K, used 26878K [0x00000007b9c00000, 0x00000007bdf00000, 0x00000007bdf00000)
  object space 68608K, 39% used [0x00000007b9c00000,0x00000007bb63f9e0,0x00000007bdf00000)
 Metaspace       used 60226K, capacity 62994K, committed 63064K, reserved 1103872K
  class space    used 7754K, capacity 8260K, committed 8320K, reserved 1048576K
GC Heap History (10 events):
Event: 3.584 GC heap before
{Heap before GC invocations=49 (full 2):
 PSYoungGen      total 22016K, used 14745K [0x00000007bdf00000, 0x00000007bff00000, 0x00000007c0000000)
  eden space 12288K, 75% used [0x00000007bdf00000,0x00000007be80d9e8,0x00000007beb00000)
  from space 9728K, 56% used [0x00000007bf580000,0x00000007bfad8ab0,0x00000007bff00000)
  to   space 10240K, 0% used [0x00000007beb00000,0x00000007beb00000,0x00000007bf500000)
 ParOldGen       total 68608K, used 22921K [0x00000007b9c00000, 0x00000007bdf00000, 0x00000007bdf00000)
  object space 68608K, 33% used [0x00000007b9c00000,0x00000007bb262780,0x00000007bdf00000)
 Metaspace       used 56185K, capacity 58758K, committed 58968K, reserved 1099776K
  class space    used 7237K, capacity 7694K, committed 7808K, reserved 1048576K
Event: 3.588 GC heap after
Heap after GC invocations=49 (full 2):
 PSYoungGen      total 22528K, used 5315K [0x00000007bdf00000, 0x00000007c0000000, 0x00000007c0000000)
  eden space 12288K, 0% used [0x00000007bdf00000,0x00000007bdf00000,0x00000007beb00000)
  from space 10240K, 51% used [0x00000007beb00000,0x00000007bf030c18,0x00000007bf500000)
  to   space 10240K, 0% used [0x00000007bf600000,0x00000007bf600000,0x00000007c0000000)
 ParOldGen       total 68608K, used 23673K [0x00000007b9c00000, 0x00000007bdf00000, 0x00000007bdf00000)
  object space 68608K, 34% used [0x00000007b9c00000,0x00000007bb31e780,0x00000007bdf00000)
 Metaspace       used 56185K, capacity 58758K, committed 58968K, reserved 1099776K
  class space    used 7237K, capacity 7694K, committed 7808K, reserved 1048576K
}
Event: 3.588 GC heap before
{Heap before GC invocations=50 (full 3):
 PSYoungGen      total 22528K, used 5315K [0x00000007bdf00000, 0x00000007c0000000, 0x00000007c0000000)
  eden space 12288K, 0% used [0x00000007bdf00000,0x00000007bdf00000,0x00000007beb00000)
  from space 10240K, 51% used [0x00000007beb00000,0x00000007bf030c18,0x00000007bf500000)
  to   space 10240K, 0% used [0x00000007bf600000,0x00000007bf600000,0x00000007c0000000)
 ParOldGen       total 68608K, used 23673K [0x00000007b9c00000, 0x00000007bdf00000, 0x00000007bdf00000)
  object space 68608K, 34% used [0x00000007b9c00000,0x00000007bb31e780,0x00000007bdf00000)
 Metaspace       used 56185K, capacity 58758K, committed 58968K, reserved 1099776K
  class space    used 7237K, capacity 7694K, committed 7808K, reserved 1048576K
Event: 3.706 GC heap after
Heap after GC invocations=50 (full 3):
 PSYoungGen      total 22528K, used 0K [0x00000007bdf00000, 0x00000007c0000000, 0x00000007c0000000)
  eden space 12288K, 0% used [0x00000007bdf00000,0x00000007bdf00000,0x00000007beb00000)
  from space 10240K, 0% used [0x00000007beb00000,0x00000007beb00000,0x00000007bf500000)
  to   space 10240K, 0% used [0x00000007bf600000,0x00000007bf600000,0x00000007c0000000)
 ParOldGen       total 68608K, used 26833K [0x00000007b9c00000, 0x00000007bdf00000, 0x00000007bdf00000)
  object space 68608K, 39% used [0x00000007b9c00000,0x00000007bb634510,0x00000007bdf00000)
 Metaspace       used 56185K, capacity 58758K, committed 58968K, reserved 1099776K
  class space    used 7237K, capacity 7694K, committed 7808K, reserved 1048576K
}
Event: 3.788 GC heap before
{Heap before GC invocations=51 (full 3):
 PSYoungGen      total 22528K, used 12288K [0x00000007bdf00000, 0x00000007c0000000, 0x00000007c0000000)
  eden space 12288K, 100% used [0x00000007bdf00000,0x00000007beb00000,0x00000007beb00000)
  from space 10240K, 0% used [0x00000007beb00000,0x00000007beb00000,0x00000007bf500000)
  to   space 10240K, 0% used [0x00000007bf600000,0x00000007bf600000,0x00000007c0000000)
 ParOldGen       total 68608K, used 26854K [0x00000007b9c00000, 0x00000007bdf00000, 0x00000007bdf00000)
  object space 68608K, 39% used [0x00000007b9c00000,0x00000007bb6399e0,0x00000007bdf00000)
 Metaspace       used 56683K, capacity 59308K, committed 59480K, reserved 1101824K
  class space    used 7311K, capacity 7791K, committed 7808K, reserved 1048576K
Event: 3.790 GC heap after
Heap after GC invocations=51 (full 3):
 PSYoungGen      total 22528K, used 1024K [0x00000007bdf00000, 0x00000007c0000000, 0x00000007c0000000)
  eden space 12288K, 0% used [0x00000007bdf00000,0x00000007bdf00000,0x00000007beb00000)
  from space 10240K, 10% used [0x00000007bf600000,0x00000007bf700000,0x00000007c0000000)
  to   space 10752K, 0% used [0x00000007beb00000,0x00000007beb00000,0x00000007bf580000)
 ParOldGen       total 68608K, used 26862K [0x00000007b9c00000, 0x00000007bdf00000, 0x00000007bdf00000)
  object space 68608K, 39% used [0x00000007b9c00000,0x00000007bb63b9e0,0x00000007bdf00000)
 Metaspace       used 56683K, capacity 59308K, committed 59480K, reserved 1101824K
  class space    used 7311K, capacity 7791K, committed 7808K, reserved 1048576K
}
Event: 3.878 GC heap before
{Heap before GC invocations=52 (full 3):
 PSYoungGen      total 22528K, used 13312K [0x00000007bdf00000, 0x00000007c0000000, 0x00000007c0000000)
  eden space 12288K, 100% used [0x00000007bdf00000,0x00000007beb00000,0x00000007beb00000)
  from space 10240K, 10% used [0x00000007bf600000,0x00000007bf700000,0x00000007c0000000)
  to   space 10752K, 0% used [0x00000007beb00000,0x00000007beb00000,0x00000007bf580000)
 ParOldGen       total 68608K, used 26862K [0x00000007b9c00000, 0x00000007bdf00000, 0x00000007bdf00000)
  object space 68608K, 39% used [0x00000007b9c00000,0x00000007bb63b9e0,0x00000007bdf00000)
 Metaspace       used 57246K, capacity 59922K, committed 60120K, reserved 1101824K
  class space    used 7386K, capacity 7838K, committed 7936K, reserved 1048576K
Event: 3.881 GC heap after
Heap after GC invocations=52 (full 3):
 PSYoungGen      total 23040K, used 1397K [0x00000007bdf00000, 0x00000007c0000000, 0x00000007c0000000)
  eden space 12288K, 0% used [0x00000007bdf00000,0x00000007bdf00000,0x00000007beb00000)
  from space 10752K, 13% used [0x00000007beb00000,0x00000007bec5d7b8,0x00000007bf580000)
  to   space 10752K, 0% used [0x00000007bf580000,0x00000007bf580000,0x00000007c0000000)
 ParOldGen       total 68608K, used 26870K [0x00000007b9c00000, 0x00000007bdf00000, 0x00000007bdf00000)
  object space 68608K, 39% used [0x00000007b9c00000,0x00000007bb63d9e0,0x00000007bdf00000)
 Metaspace       used 57246K, capacity 59922K, committed 60120K, reserved 1101824K
  class space    used 7386K, capacity 7838K, committed 7936K, reserved 1048576K
}
Event: 3.968 GC heap before
{Heap before GC invocations=53 (full 3):
 PSYoungGen      total 23040K, used 13685K [0x00000007bdf00000, 0x00000007c0000000, 0x00000007c0000000)
  eden space 12288K, 100% used [0x00000007bdf00000,0x00000007beb00000,0x00000007beb00000)
  from space 10752K, 13% used [0x00000007beb00000,0x00000007bec5d7b8,0x00000007bf580000)
  to   space 10752K, 0% used [0x00000007bf580000,0x00000007bf580000,0x00000007c0000000)
 ParOldGen       total 68608K, used 26870K [0x00000007b9c00000, 0x00000007bdf00000, 0x00000007bdf00000)
  object space 68608K, 39% used [0x00000007b9c00000,0x00000007bb63d9e0,0x00000007bdf00000)
 Metaspace       used 58857K, capacity 61574K, committed 61912K, reserved 1103872K
  class space    used 7588K, capacity 8078K, committed 8192K, reserved 1048576K
Event: 3.970 GC heap after
Heap after GC invocations=53 (full 3):
 PSYoungGen      total 23040K, used 1869K [0x00000007bdf00000, 0x00000007c0000000, 0x00000007c0000000)
  eden space 12288K, 0% used [0x00000007bdf00000,0x00000007bdf00000,0x00000007beb00000)
  from space 10752K, 17% used [0x00000007bf580000,0x00000007bf753468,0x00000007c0000000)
  to   space 10752K, 0% used [0x00000007beb00000,0x00000007beb00000,0x00000007bf580000)
 ParOldGen       total 68608K, used 26878K [0x00000007b9c00000, 0x00000007bdf00000, 0x00000007bdf00000)
  object space 68608K, 39% used [0x00000007b9c00000,0x00000007bb63f9e0,0x00000007bdf00000)
 Metaspace       used 58857K, capacity 61574K, committed 61912K, reserved 1103872K
  class space    used 7588K, capacity 8078K, committed 8192K, reserved 1048576K
}

