# JRE version: OpenJDK Runtime Environment (8.0_292-b10) (build 1.8.0_292-b10)
# Java VM: OpenJDK 64-Bit Server VM (25.292-b10 mixed mode bsd-amd64 compressed oops)
Heap:
 PSYoungGen      total 153088K, used 5180K [0x0000000715580000, 0x0000000720000000, 0x00000007c0000000)
  eden space 131584K, 3% used [0x0000000715580000,0x0000000715a8f330,0x000000071d600000)
  from space 21504K, 0% used [0x000000071eb00000,0x000000071eb00000,0x0000000720000000)
  to   space 21504K, 0% used [0x000000071d600000,0x000000071d600000,0x000000071eb00000)
 ParOldGen       total 142848K, used 10964K [0x00000005c0000000, 0x00000005c8b80000, 0x0000000715580000)
  object space 142848K, 7% used [0x00000005c0000000,0x00000005c0ab52d0,0x00000005c8b80000)
 Metaspace       used 20707K, capacity 21728K, committed 22016K, reserved 1069056K
  class space    used 2666K, capacity 2967K, committed 3072K, reserved 1048576K
GC Heap History (6 events):
Event: 2.164 GC heap before
{Heap before GC invocations=1 (full 0):
 PSYoungGen      total 153088K, used 131584K [0x0000000715580000, 0x0000000720000000, 0x00000007c0000000)
  eden space 131584K, 100% used [0x0000000715580000,0x000000071d600000,0x000000071d600000)
  from space 21504K, 0% used [0x000000071eb00000,0x000000071eb00000,0x0000000720000000)
  to   space 21504K, 0% used [0x000000071d600000,0x000000071d600000,0x000000071eb00000)
 ParOldGen       total 349696K, used 0K [0x00000005c0000000, 0x00000005d5580000, 0x0000000715580000)
  object space 349696K, 0% used [0x00000005c0000000,0x00000005c0000000,0x00000005d5580000)
 Metaspace       used 15312K, capacity 16352K, committed 16640K, reserved 1062912K
  class space    used 1921K, capacity 2263K, committed 2304K, reserved 1048576K
Event: 2.185 GC heap after
Heap after GC invocations=1 (full 0):
 PSYoungGen      total 153088K, used 9976K [0x0000000715580000, 0x0000000720000000, 0x00000007c0000000)
  eden space 131584K, 0% used [0x0000000715580000,0x0000000715580000,0x000000071d600000)
  from space 21504K, 46% used [0x000000071d600000,0x000000071dfbe058,0x000000071eb00000)
  to   space 21504K, 0% used [0x000000071eb00000,0x000000071eb00000,0x0000000720000000)
 ParOldGen       total 349696K, used 0K [0x00000005c0000000, 0x00000005d5580000, 0x0000000715580000)
  object space 349696K, 0% used [0x00000005c0000000,0x00000005c0000000,0x00000005d5580000)
 Metaspace       used 15312K, capacity 16352K, committed 16640K, reserved 1062912K
  class space    used 1921K, capacity 2263K, committed 2304K, reserved 1048576K
}
Event: 6.806 GC heap before
{Heap before GC invocations=2 (full 0):
 PSYoungGen      total 153088K, used 97115K [0x0000000715580000, 0x0000000720000000, 0x00000007c0000000)
  eden space 131584K, 66% used [0x0000000715580000,0x000000071aa98d58,0x000000071d600000)
  from space 21504K, 46% used [0x000000071d600000,0x000000071dfbe058,0x000000071eb00000)
  to   space 21504K, 0% used [0x000000071eb00000,0x000000071eb00000,0x0000000720000000)
 ParOldGen       total 349696K, used 0K [0x00000005c0000000, 0x00000005d5580000, 0x0000000715580000)
  object space 349696K, 0% used [0x00000005c0000000,0x00000005c0000000,0x00000005d5580000)
 Metaspace       used 20124K, capacity 21120K, committed 21296K, reserved 1067008K
  class space    used 2570K, capacity 2871K, committed 2944K, reserved 1048576K
Event: 6.813 GC heap after
Heap after GC invocations=2 (full 0):
 PSYoungGen      total 153088K, used 11291K [0x0000000715580000, 0x0000000720000000, 0x00000007c0000000)
  eden space 131584K, 0% used [0x0000000715580000,0x0000000715580000,0x000000071d600000)
  from space 21504K, 52% used [0x000000071eb00000,0x000000071f606c08,0x0000000720000000)
  to   space 21504K, 0% used [0x000000071d600000,0x000000071d600000,0x000000071eb00000)
 ParOldGen       total 349696K, used 0K [0x00000005c0000000, 0x00000005d5580000, 0x0000000715580000)
  object space 349696K, 0% used [0x00000005c0000000,0x00000005c0000000,0x00000005d5580000)
 Metaspace       used 20124K, capacity 21120K, committed 21296K, reserved 1067008K
  class space    used 2570K, capacity 2871K, committed 2944K, reserved 1048576K
}
Event: 6.813 GC heap before
{Heap before GC invocations=3 (full 1):
 PSYoungGen      total 153088K, used 11291K [0x0000000715580000, 0x0000000720000000, 0x00000007c0000000)
  eden space 131584K, 0% used [0x0000000715580000,0x0000000715580000,0x000000071d600000)
  from space 21504K, 52% used [0x000000071eb00000,0x000000071f606c08,0x0000000720000000)
  to   space 21504K, 0% used [0x000000071d600000,0x000000071d600000,0x000000071eb00000)
 ParOldGen       total 349696K, used 0K [0x00000005c0000000, 0x00000005d5580000, 0x0000000715580000)
  object space 349696K, 0% used [0x00000005c0000000,0x00000005c0000000,0x00000005d5580000)
 Metaspace       used 20124K, capacity 21120K, committed 21296K, reserved 1067008K
  class space    used 2570K, capacity 2871K, committed 2944K, reserved 1048576K
Event: 6.840 GC heap after
Heap after GC invocations=3 (full 1):
 PSYoungGen      total 153088K, used 0K [0x0000000715580000, 0x0000000720000000, 0x00000007c0000000)
  eden space 131584K, 0% used [0x0000000715580000,0x0000000715580000,0x000000071d600000)
  from space 21504K, 0% used [0x000000071eb00000,0x000000071eb00000,0x0000000720000000)
  to   space 21504K, 0% used [0x000000071d600000,0x000000071d600000,0x000000071eb00000)
 ParOldGen       total 142848K, used 10964K [0x00000005c0000000, 0x00000005c8b80000, 0x0000000715580000)
  object space 142848K, 7% used [0x00000005c0000000,0x00000005c0ab52d0,0x00000005c8b80000)
 Metaspace       used 20124K, capacity 21120K, committed 21296K, reserved 1067008K
  class space    used 2570K, capacity 2871K, committed 2944K, reserved 1048576K
}

